Content-Type: text/plain; charset="utf-8"
MIME-Version: 1.0
Content-Transfer-Encoding: 7bit
Subject: Password reset for email u@u.com
From: webmaster@localhost
To: u@u.com
Date: Sun, 29 Aug 2021 15:01:45 -0000
Message-ID: <163024930556.21533.11775702427611958282@localhost>

Someone asked for password reset for email u@u.com. Follow the link below:
http://127.0.0.1:8000/password_reset_confirm/MjE/as5jax-a6d9157136fe9924c18b917bee781a84/

-------------------------------------------------------------------------------
Content-Type: text/plain; charset="utf-8"
MIME-Version: 1.0
Content-Transfer-Encoding: 7bit
Subject: Password reset for email u@u.com
From: webmaster@localhost
To: u@u.com
Date: Sun, 29 Aug 2021 15:01:45 -0000
Message-ID: <163024930561.21533.2783541281965234987@localhost>

Someone asked for password reset for email u@u.com. Follow the link below:
http://127.0.0.1:8000/password_reset_confirm/MjE/as5jax-a6d9157136fe9924c18b917bee781a84/

-------------------------------------------------------------------------------
